2020/07/22 17:33:18 [I] [service.go:214] login to server success, get run id [1005863602c0b298], server udp port [0]
2020/07/22 17:33:18 [I] [proxy_manager.go:137] [1005863602c0b298] proxy added: [333]
2020/07/22 17:33:18 [I] [control.go:143] [333] start proxy success
2020/07/22 18:59:01 [W] [control.go:253] heartbeat timeout
2020/07/22 18:59:01 [I] [control.go:217] control writer is closing
2020/07/22 18:59:01 [I] [service.go:126] try to reconnect to server...
2020/07/22 18:59:02 [E] [control.go:126] work connection closed, EOF
2020/07/22 18:59:02 [E] [control.go:126] work connection closed, EOF
2020/07/22 18:59:02 [E] [control.go:126] work connection closed, EOF
2020/07/22 18:59:02 [E] [control.go:126] work connection closed, EOF
2020/07/22 18:59:02 [W] [service.go:129] reconnect to server error: dial tcp 150.109.65.145:7000: connectex: A socket operation was attempted to an unreachable host.
2020/07/22 18:59:02 [E] [control.go:126] work connection closed, EOF
2020/07/22 18:59:02 [E] [control.go:126] work connection closed, EOF
2020/07/22 18:59:03 [I] [service.go:126] try to reconnect to server...
2020/07/22 18:59:03 [W] [service.go:129] reconnect to server error: dial tcp 150.109.65.145:7000: connectex: A socket operation was attempted to an unreachable host.
2020/07/22 18:59:05 [I] [service.go:126] try to reconnect to server...
2020/07/22 18:59:05 [W] [service.go:129] reconnect to server error: dial tcp 150.109.65.145:7000: connectex: A socket operation was attempted to an unreachable host.
2020/07/22 18:59:09 [I] [service.go:126] try to reconnect to server...
2020/07/22 18:59:09 [I] [service.go:214] login to server success, get run id [1005863602c0b298], server udp port [0]
2020/07/22 18:59:09 [I] [proxy_manager.go:137] [1005863602c0b298] proxy added: [333]
2020/07/22 18:59:09 [I] [control.go:143] [333] start proxy success
2020/07/22 19:28:03 [E] [control.go:126] work connection closed, EOF
2020/07/22 19:28:03 [I] [control.go:217] control writer is closing
2020/07/22 19:28:03 [I] [service.go:126] try to reconnect to server...
2020/07/22 19:28:18 [I] [service.go:214] login to server success, get run id [1005863602c0b298], server udp port [0]
2020/07/22 19:28:18 [I] [proxy_manager.go:137] [1005863602c0b298] proxy added: [333]
2020/07/22 19:28:18 [I] [control.go:143] [333] start proxy success
2020/07/22 20:23:15 [I] [control.go:217] control writer is closing
2020/07/22 20:23:15 [I] [service.go:126] try to reconnect to server...
2020/07/22 20:23:15 [E] [control.go:126] work connection closed, EOF
2020/07/22 20:23:15 [I] [service.go:214] login to server success, get run id [1005863602c0b298], server udp port [0]
2020/07/22 20:23:15 [I] [proxy_manager.go:137] [1005863602c0b298] proxy added: [333]
2020/07/22 20:23:34 [E] [control.go:126] work connection closed, EOF
2020/07/22 20:23:34 [I] [control.go:217] control writer is closing
2020/07/22 20:23:34 [I] [service.go:126] try to reconnect to server...
2020/07/22 20:23:34 [I] [service.go:214] login to server success, get run id [1005863602c0b298], server udp port [0]
2020/07/22 20:23:34 [I] [proxy_manager.go:137] [1005863602c0b298] proxy added: [333]
2020/07/22 20:23:53 [E] [control.go:126] work connection closed, EOF
2020/07/22 20:23:53 [I] [control.go:217] control writer is closing
2020/07/22 20:23:53 [I] [service.go:126] try to reconnect to server...
2020/07/22 20:23:53 [I] [service.go:214] login to server success, get run id [1005863602c0b298], server udp port [0]
2020/07/22 20:23:53 [I] [proxy_manager.go:137] [1005863602c0b298] proxy added: [333]
2020/07/22 20:24:12 [E] [control.go:126] work connection closed, EOF
2020/07/22 20:24:12 [I] [control.go:217] control writer is closing
2020/07/22 20:24:12 [I] [service.go:126] try to reconnect to server...
2020/07/22 20:24:12 [I] [service.go:214] login to server success, get run id [1005863602c0b298], server udp port [0]
2020/07/22 20:24:12 [I] [proxy_manager.go:137] [1005863602c0b298] proxy added: [333]
2020/07/22 20:24:31 [E] [control.go:126] work connection closed, EOF
2020/07/22 20:24:31 [I] [control.go:217] control writer is closing
2020/07/22 20:24:31 [I] [service.go:126] try to reconnect to server...
2020/07/22 20:24:32 [I] [service.go:214] login to server success, get run id [1005863602c0b298], server udp port [0]
2020/07/22 20:24:32 [I] [proxy_manager.go:137] [1005863602c0b298] proxy added: [333]
2020/07/22 20:24:51 [E] [control.go:126] work connection closed, EOF
2020/07/22 20:24:51 [I] [control.go:217] control writer is closing
2020/07/22 20:24:51 [I] [service.go:126] try to reconnect to server...
2020/07/22 20:24:51 [I] [service.go:214] login to server success, get run id [1005863602c0b298], server udp port [0]
2020/07/22 20:24:51 [I] [proxy_manager.go:137] [1005863602c0b298] proxy added: [333]
2020/07/22 20:25:10 [E] [control.go:126] work connection closed, EOF
2020/07/22 20:25:10 [I] [control.go:217] control writer is closing
2020/07/22 20:25:10 [I] [service.go:126] try to reconnect to server...
2020/07/22 20:25:10 [I] [service.go:214] login to server success, get run id [1005863602c0b298], server udp port [0]
2020/07/22 20:25:10 [I] [proxy_manager.go:137] [1005863602c0b298] proxy added: [333]
2020/07/22 20:25:29 [E] [control.go:126] work connection closed, EOF
2020/07/22 20:25:29 [I] [control.go:217] control writer is closing
2020/07/22 20:25:29 [I] [service.go:126] try to reconnect to server...
2020/07/22 20:25:30 [I] [service.go:214] login to server success, get run id [1005863602c0b298], server udp port [0]
2020/07/22 20:25:30 [I] [proxy_manager.go:137] [1005863602c0b298] proxy added: [333]
2020/07/22 20:25:49 [E] [control.go:126] work connection closed, EOF
2020/07/22 20:25:49 [I] [control.go:217] control writer is closing
2020/07/22 20:25:49 [I] [service.go:126] try to reconnect to server...
2020/07/22 20:25:49 [I] [service.go:214] login to server success, get run id [1005863602c0b298], server udp port [0]
2020/07/22 20:25:49 [I] [proxy_manager.go:137] [1005863602c0b298] proxy added: [333]
2020/07/22 20:25:49 [I] [control.go:143] [333] start proxy success
2020/07/22 20:27:39 [I] [control.go:217] control writer is closing
2020/07/22 20:27:39 [E] [control.go:126] work connection closed, EOF
2020/07/22 20:27:39 [I] [service.go:126] try to reconnect to server...
2020/07/22 20:27:39 [I] [service.go:214] login to server success, get run id [1005863602c0b298], server udp port [0]
2020/07/22 20:27:39 [I] [proxy_manager.go:137] [1005863602c0b298] proxy added: [333]
2020/07/22 20:27:58 [E] [control.go:126] work connection closed, EOF
2020/07/22 20:27:58 [I] [control.go:217] control writer is closing
2020/07/22 20:27:58 [I] [service.go:126] try to reconnect to server...
2020/07/22 20:27:59 [I] [service.go:214] login to server success, get run id [1005863602c0b298], server udp port [0]
2020/07/22 20:27:59 [I] [proxy_manager.go:137] [1005863602c0b298] proxy added: [333]
2020/07/22 20:28:18 [E] [control.go:126] work connection closed, EOF
2020/07/22 20:28:18 [I] [control.go:217] control writer is closing
2020/07/22 20:28:18 [I] [service.go:126] try to reconnect to server...
2020/07/22 20:28:18 [I] [service.go:214] login to server success, get run id [1005863602c0b298], server udp port [0]
2020/07/22 20:28:18 [I] [proxy_manager.go:137] [1005863602c0b298] proxy added: [333]
2020/07/22 20:28:37 [E] [control.go:126] work connection closed, EOF
2020/07/22 20:28:37 [I] [control.go:217] control writer is closing
2020/07/22 20:28:37 [I] [service.go:126] try to reconnect to server...
2020/07/22 20:28:37 [I] [service.go:214] login to server success, get run id [1005863602c0b298], server udp port [0]
2020/07/22 20:28:37 [I] [proxy_manager.go:137] [1005863602c0b298] proxy added: [333]
2020/07/22 20:28:56 [E] [control.go:126] work connection closed, EOF
2020/07/22 20:28:56 [I] [control.go:217] control writer is closing
2020/07/22 20:28:56 [I] [service.go:126] try to reconnect to server...
2020/07/22 20:28:57 [I] [service.go:214] login to server success, get run id [1005863602c0b298], server udp port [0]
2020/07/22 20:28:57 [I] [proxy_manager.go:137] [1005863602c0b298] proxy added: [333]
2020/07/22 20:29:16 [E] [control.go:126] work connection closed, EOF
2020/07/22 20:29:16 [I] [control.go:217] control writer is closing
2020/07/22 20:29:16 [I] [service.go:126] try to reconnect to server...
2020/07/22 20:29:16 [I] [service.go:214] login to server success, get run id [1005863602c0b298], server udp port [0]
2020/07/22 20:29:16 [I] [proxy_manager.go:137] [1005863602c0b298] proxy added: [333]
2020/07/22 20:29:35 [E] [control.go:126] work connection closed, EOF
2020/07/22 20:29:35 [I] [control.go:217] control writer is closing
2020/07/22 20:29:35 [I] [service.go:126] try to reconnect to server...
2020/07/22 20:29:35 [I] [service.go:214] login to server success, get run id [1005863602c0b298], server udp port [0]
2020/07/22 20:29:35 [I] [proxy_manager.go:137] [1005863602c0b298] proxy added: [333]
2020/07/22 20:29:54 [E] [control.go:126] work connection closed, EOF
2020/07/22 20:29:54 [I] [control.go:217] control writer is closing
2020/07/22 20:29:54 [I] [service.go:126] try to reconnect to server...
2020/07/22 20:29:54 [I] [service.go:214] login to server success, get run id [1005863602c0b298], server udp port [0]
2020/07/22 20:29:54 [I] [proxy_manager.go:137] [1005863602c0b298] proxy added: [333]
2020/07/22 20:30:13 [E] [control.go:126] work connection closed, EOF
2020/07/22 20:30:13 [I] [control.go:217] control writer is closing
2020/07/22 20:30:13 [I] [service.go:126] try to reconnect to server...
2020/07/22 20:30:13 [I] [service.go:214] login to server success, get run id [1005863602c0b298], server udp port [0]
2020/07/22 20:30:13 [I] [proxy_manager.go:137] [1005863602c0b298] proxy added: [333]
2020/07/22 20:30:33 [E] [control.go:126] work connection closed, EOF
2020/07/22 20:30:33 [I] [control.go:217] control writer is closing
2020/07/22 20:30:33 [I] [service.go:126] try to reconnect to server...
2020/07/22 20:30:33 [I] [service.go:214] login to server success, get run id [1005863602c0b298], server udp port [0]
2020/07/22 20:30:33 [I] [proxy_manager.go:137] [1005863602c0b298] proxy added: [333]
2020/07/22 20:30:52 [E] [control.go:126] work connection closed, EOF
2020/07/22 20:30:52 [I] [control.go:217] control writer is closing
2020/07/22 20:30:52 [I] [service.go:126] try to reconnect to server...
2020/07/22 20:30:52 [I] [service.go:214] login to server success, get run id [1005863602c0b298], server udp port [0]
2020/07/22 20:30:52 [I] [proxy_manager.go:137] [1005863602c0b298] proxy added: [333]
2020/07/22 20:31:11 [E] [control.go:126] work connection closed, EOF
2020/07/22 20:31:11 [I] [control.go:217] control writer is closing
2020/07/22 20:31:11 [I] [service.go:126] try to reconnect to server...
2020/07/22 20:31:11 [I] [service.go:214] login to server success, get run id [1005863602c0b298], server udp port [0]
2020/07/22 20:31:11 [I] [proxy_manager.go:137] [1005863602c0b298] proxy added: [333]
2020/07/22 20:31:30 [E] [control.go:126] work connection closed, EOF
2020/07/22 20:31:30 [I] [control.go:217] control writer is closing
2020/07/22 20:31:30 [I] [service.go:126] try to reconnect to server...
2020/07/22 20:31:30 [I] [service.go:214] login to server success, get run id [1005863602c0b298], server udp port [0]
2020/07/22 20:31:30 [I] [proxy_manager.go:137] [1005863602c0b298] proxy added: [333]
2020/07/22 20:31:50 [E] [control.go:126] work connection closed, EOF
2020/07/22 20:31:50 [I] [control.go:217] control writer is closing
2020/07/22 20:31:50 [I] [service.go:126] try to reconnect to server...
2020/07/22 20:31:50 [I] [service.go:214] login to server success, get run id [1005863602c0b298], server udp port [0]
2020/07/22 20:31:50 [I] [proxy_manager.go:137] [1005863602c0b298] proxy added: [333]
2020/07/22 20:32:09 [E] [control.go:126] work connection closed, EOF
2020/07/22 20:32:09 [I] [control.go:217] control writer is closing
2020/07/22 20:32:09 [I] [service.go:126] try to reconnect to server...
2020/07/22 20:32:09 [I] [service.go:214] login to server success, get run id [1005863602c0b298], server udp port [0]
2020/07/22 20:32:09 [I] [proxy_manager.go:137] [1005863602c0b298] proxy added: [333]
2020/07/22 20:32:28 [E] [control.go:126] work connection closed, EOF
2020/07/22 20:32:28 [I] [control.go:217] control writer is closing
2020/07/22 20:32:28 [I] [service.go:126] try to reconnect to server...
2020/07/22 20:32:28 [I] [service.go:214] login to server success, get run id [1005863602c0b298], server udp port [0]
2020/07/22 20:32:28 [I] [proxy_manager.go:137] [1005863602c0b298] proxy added: [333]
2020/07/22 20:32:47 [E] [control.go:126] work connection closed, EOF
2020/07/22 20:32:47 [I] [control.go:217] control writer is closing
2020/07/22 20:32:47 [I] [service.go:126] try to reconnect to server...
2020/07/22 20:32:47 [I] [service.go:214] login to server success, get run id [1005863602c0b298], server udp port [0]
2020/07/22 20:32:47 [I] [proxy_manager.go:137] [1005863602c0b298] proxy added: [333]
2020/07/22 20:32:57 [I] [control.go:143] [333] start proxy success
